<?xml version="1.0" encoding="UTF-8"?>
<!-- Generated by org.testng.reporters.JUnitXMLReporter -->
<testsuite ignored="0" hostname="DESKTOP-SOTS4KS" failures="0" tests="15" name="Test" time="481.245" errors="0" timestamp="2024-09-23T18:07:27 IST">
  <testcase classname="project2_test.TestCase15" name="Till_Payement_Page" time="39.538"/>
  <testcase classname="project2_test.TestCase8" name="additional_Details" time="28.221"/>
  <testcase classname="project2_test.TestCase9" name="Multiple_Passenger" time="10.752"/>
  <testcase classname="project2_test.TestCase6" name="senior_citizen" time="24.023"/>
  <testcase classname="project2_test.TestCase13" name="Coupon_Code" time="38.166"/>
  <testcase classname="project2_test.TestCase14" name="Domestic_RoundTrip" time="13.787"/>
  <testcase classname="project2_test.TestCase11" name="passenger_info" time="18.791"/>
  <testcase classname="project2_test.TestCase12" name="login_search_logout" time="10.026"/>
  <testcase classname="project2_test.TestCase10" name="Flight_Details" time="18.497"/>
  <testcase classname="project2_test.TestCase1" name="SignUp" time="42.531">
    <skipped/>
  </testcase> <!-- SignUp -->
  <testcase classname="project2_test.TestCase1" name="SignUp" time="42.584"/>
  <testcase classname="project2_test.TestCase4" name="one_way_flight" time="17.58"/>
  <testcase classname="project2_test.TestCase5" name="Round_Trip" time="20.947"/>
  <testcase classname="project2_test.TestCase2" name="Login" time="5.642"/>
  <testcase classname="project2_test.TestCase3" name="Login_invalid" time="3.596"/>
</testsuite> <!-- Test -->
