<?xml version="1.0" encoding="UTF-8"?>
<testng-results retried="1" ignored="1" total="16" passed="14" failed="0" skipped="0">
  <reporter-output>
    <line>
      <![CDATA[Test case is pass]]>
    </line>
    <line>
      <![CDATA[Test case is pass]]>
    </line>
    <line>
      <![CDATA[Test case is pass]]>
    </line>
    <line>
      <![CDATA[Test case is pass]]>
    </line>
    <line>
      <![CDATA[Test case is pass]]>
    </line>
    <line>
      <![CDATA[Test case is pass]]>
    </line>
    <line>
      <![CDATA[Test case is pass]]>
    </line>
    <line>
      <![CDATA[Test case is pass]]>
    </line>
    <line>
      <![CDATA[Test case is pass]]>
    </line>
    <line>
      <![CDATA[Test case is pass]]>
    </line>
    <line>
      <![CDATA[Test case is pass]]>
    </line>
    <line>
      <![CDATA[Test case is pass]]>
    </line>
    <line>
      <![CDATA[Test case is pass]]>
    </line>
    <line>
      <![CDATA[Test case is pass]]>
    </line>
  </reporter-output>
  <suite started-at="2024-09-23T17:59:26 IST" name="Suite" finished-at="2024-09-23T18:07:27 IST" duration-ms="481245">
    <groups>
    </groups>
    <test started-at="2024-09-23T17:59:26 IST" name="Test" finished-at="2024-09-23T18:07:27 IST" duration-ms="481245">
      <class name="project2_test.TestCase10">
        <test-method is-config="true" signature="Launch()[pri:0, instance:project2_test.TestCase10@e350b40]" started-at="2024-09-23T18:03:47 IST" name="Launch" finished-at="2024-09-23T18:03:56 IST" duration-ms="8876" status="PASS">
          <reporter-output>
          </reporter-output>
        </test-method> <!-- Launch -->
        <test-method signature="Flight_Details()[pri:0, instance:project2_test.TestCase10@e350b40]" started-at="2024-09-23T18:03:56 IST" name="Flight_Details" finished-at="2024-09-23T18:04:15 IST" duration-ms="18497" status="PASS">
          <reporter-output>
            <line>
              <![CDATA[Test case is pass]]>
            </line>
          </reporter-output>
        </test-method> <!-- Flight_Details -->
        <test-method is-config="true" signature="Quit()[pri:0, instance:project2_test.TestCase10@e350b40]" started-at="2024-09-23T18:04:15 IST" name="Quit" finished-at="2024-09-23T18:04:17 IST" duration-ms="2302" status="PASS">
          <reporter-output>
          </reporter-output>
        </test-method> <!-- Quit -->
      </class> <!-- project2_test.TestCase10 -->
      <class name="project2_test.TestCase4">
        <test-method is-config="true" signature="Launch()[pri:0, instance:project2_test.TestCase4@2794eab6]" started-at="2024-09-23T18:05:58 IST" name="Launch" finished-at="2024-09-23T18:06:05 IST" duration-ms="6952" status="PASS">
          <reporter-output>
          </reporter-output>
        </test-method> <!-- Launch -->
        <test-method signature="one_way_flight()[pri:0, instance:project2_test.TestCase4@2794eab6]" started-at="2024-09-23T18:06:05 IST" name="one_way_flight" finished-at="2024-09-23T18:06:23 IST" duration-ms="17580" status="PASS">
          <reporter-output>
            <line>
              <![CDATA[Test case is pass]]>
            </line>
          </reporter-output>
        </test-method> <!-- one_way_flight -->
        <test-method is-config="true" signature="Quit()[pri:0, instance:project2_test.TestCase4@2794eab6]" started-at="2024-09-23T18:06:23 IST" name="Quit" finished-at="2024-09-23T18:06:26 IST" duration-ms="2332" status="PASS">
          <reporter-output>
          </reporter-output>
        </test-method> <!-- Quit -->
      </class> <!-- project2_test.TestCase4 -->
      <class name="project2_test.TestCase11">
        <test-method is-config="true" signature="Launch()[pri:0, instance:project2_test.TestCase11@4b45a2f5]" started-at="2024-09-23T18:02:51 IST" name="Launch" finished-at="2024-09-23T18:03:05 IST" duration-ms="14391" status="PASS">
          <reporter-output>
          </reporter-output>
        </test-method> <!-- Launch -->
        <test-method signature="passenger_info()[pri:0, instance:project2_test.TestCase11@4b45a2f5]" started-at="2024-09-23T18:03:05 IST" name="passenger_info" finished-at="2024-09-23T18:03:24 IST" duration-ms="18791" status="PASS">
          <reporter-output>
            <line>
              <![CDATA[Test case is pass]]>
            </line>
          </reporter-output>
        </test-method> <!-- passenger_info -->
        <test-method is-config="true" signature="Quit()[pri:0, instance:project2_test.TestCase11@4b45a2f5]" started-at="2024-09-23T18:03:24 IST" name="Quit" finished-at="2024-09-23T18:03:27 IST" duration-ms="2320" status="PASS">
          <reporter-output>
          </reporter-output>
        </test-method> <!-- Quit -->
      </class> <!-- project2_test.TestCase11 -->
      <class name="project2_test.TestCase5">
        <test-method is-config="true" signature="Launch()[pri:0, instance:project2_test.TestCase5@6340e5f0]" started-at="2024-09-23T18:06:26 IST" name="Launch" finished-at="2024-09-23T18:06:35 IST" duration-ms="8951" status="PASS">
          <reporter-output>
          </reporter-output>
        </test-method> <!-- Launch -->
        <test-method signature="Round_Trip()[pri:0, instance:project2_test.TestCase5@6340e5f0]" started-at="2024-09-23T18:06:35 IST" name="Round_Trip" finished-at="2024-09-23T18:06:56 IST" duration-ms="20947" status="PASS">
          <reporter-output>
            <line>
              <![CDATA[Test case is pass]]>
            </line>
          </reporter-output>
        </test-method> <!-- Round_Trip -->
        <test-method is-config="true" signature="Quit()[pri:0, instance:project2_test.TestCase5@6340e5f0]" started-at="2024-09-23T18:06:56 IST" name="Quit" finished-at="2024-09-23T18:06:58 IST" duration-ms="2330" status="PASS">
          <reporter-output>
          </reporter-output>
        </test-method> <!-- Quit -->
      </class> <!-- project2_test.TestCase5 -->
      <class name="project2_test.TestCase12">
        <test-method is-config="true" signature="Launch()[pri:0, instance:project2_test.TestCase12@f09733f]" started-at="2024-09-23T18:03:27 IST" name="Launch" finished-at="2024-09-23T18:03:35 IST" duration-ms="8046" status="PASS">
          <reporter-output>
          </reporter-output>
        </test-method> <!-- Launch -->
        <test-method signature="login_search_logout()[pri:0, instance:project2_test.TestCase12@f09733f]" started-at="2024-09-23T18:03:35 IST" name="login_search_logout" finished-at="2024-09-23T18:03:45 IST" duration-ms="10026" status="PASS">
          <reporter-output>
            <line>
              <![CDATA[Test case is pass]]>
            </line>
          </reporter-output>
        </test-method> <!-- login_search_logout -->
        <test-method is-config="true" signature="Quit()[pri:0, instance:project2_test.TestCase12@f09733f]" started-at="2024-09-23T18:03:45 IST" name="Quit" finished-at="2024-09-23T18:03:47 IST" duration-ms="2292" status="PASS">
          <reporter-output>
          </reporter-output>
        </test-method> <!-- Quit -->
      </class> <!-- project2_test.TestCase12 -->
      <class name="project2_test.TestCase13">
        <test-method is-config="true" signature="Launch()[pri:0, instance:project2_test.TestCase13@791f145a]" started-at="2024-09-23T18:01:45 IST" name="Launch" finished-at="2024-09-23T18:01:52 IST" duration-ms="7660" status="PASS">
          <reporter-output>
          </reporter-output>
        </test-method> <!-- Launch -->
        <test-method signature="Coupon_Code()[pri:0, instance:project2_test.TestCase13@791f145a]" started-at="2024-09-23T18:01:52 IST" name="Coupon_Code" finished-at="2024-09-23T18:02:30 IST" duration-ms="38166" status="PASS">
          <reporter-output>
            <line>
              <![CDATA[Test case is pass]]>
            </line>
          </reporter-output>
        </test-method> <!-- Coupon_Code -->
        <test-method is-config="true" signature="Quit()[pri:0, instance:project2_test.TestCase13@791f145a]" started-at="2024-09-23T18:02:31 IST" name="Quit" finished-at="2024-09-23T18:02:33 IST" duration-ms="2370" status="PASS">
          <reporter-output>
          </reporter-output>
        </test-method> <!-- Quit -->
      </class> <!-- project2_test.TestCase13 -->
      <class name="project2_test.TestCase6">
        <test-method is-config="true" signature="Launch()[pri:0, instance:project2_test.TestCase6@1e0b4072]" started-at="2024-09-23T18:01:11 IST" name="Launch" finished-at="2024-09-23T18:01:18 IST" duration-ms="6957" status="PASS">
          <reporter-output>
          </reporter-output>
        </test-method> <!-- Launch -->
        <test-method signature="senior_citizen()[pri:0, instance:project2_test.TestCase6@1e0b4072]" started-at="2024-09-23T18:01:18 IST" name="senior_citizen" finished-at="2024-09-23T18:01:42 IST" duration-ms="24023" status="PASS">
          <reporter-output>
            <line>
              <![CDATA[Test case is pass]]>
            </line>
          </reporter-output>
        </test-method> <!-- senior_citizen -->
        <test-method is-config="true" signature="Quit()[pri:0, instance:project2_test.TestCase6@1e0b4072]" started-at="2024-09-23T18:01:42 IST" name="Quit" finished-at="2024-09-23T18:01:45 IST" duration-ms="2350" status="PASS">
          <reporter-output>
          </reporter-output>
        </test-method> <!-- Quit -->
      </class> <!-- project2_test.TestCase6 -->
      <class name="project2_test.TestCase14">
        <test-method is-config="true" signature="Launch()[pri:0, instance:project2_test.TestCase14@38cee291]" started-at="2024-09-23T18:02:33 IST" name="Launch" finished-at="2024-09-23T18:02:35 IST" duration-ms="1726" status="PASS">
          <reporter-output>
          </reporter-output>
        </test-method> <!-- Launch -->
        <test-method signature="Domestic_RoundTrip()[pri:0, instance:project2_test.TestCase14@38cee291]" started-at="2024-09-23T18:02:35 IST" name="Domestic_RoundTrip" finished-at="2024-09-23T18:02:48 IST" duration-ms="13787" status="PASS">
          <reporter-output>
            <line>
              <![CDATA[Test case is pass]]>
            </line>
          </reporter-output>
        </test-method> <!-- Domestic_RoundTrip -->
        <test-method is-config="true" signature="Quit()[pri:0, instance:project2_test.TestCase14@38cee291]" started-at="2024-09-23T18:02:49 IST" name="Quit" finished-at="2024-09-23T18:02:51 IST" duration-ms="2309" status="PASS">
          <reporter-output>
          </reporter-output>
        </test-method> <!-- Quit -->
      </class> <!-- project2_test.TestCase14 -->
      <class name="project2_test.TestCase15">
        <test-method is-config="true" signature="Launch()[pri:0, instance:project2_test.TestCase15@54a7079e]" started-at="2024-09-23T17:59:26 IST" name="Launch" finished-at="2024-09-23T17:59:35 IST" duration-ms="9476" status="PASS">
          <reporter-output>
          </reporter-output>
        </test-method> <!-- Launch -->
        <test-method signature="Till_Payement_Page()[pri:0, instance:project2_test.TestCase15@54a7079e]" started-at="2024-09-23T17:59:35 IST" name="Till_Payement_Page" finished-at="2024-09-23T18:00:15 IST" duration-ms="39538" status="PASS">
          <reporter-output>
            <line>
              <![CDATA[Test case is pass]]>
            </line>
          </reporter-output>
        </test-method> <!-- Till_Payement_Page -->
        <test-method is-config="true" signature="Quit()[pri:0, instance:project2_test.TestCase15@54a7079e]" started-at="2024-09-23T18:00:15 IST" name="Quit" finished-at="2024-09-23T18:00:17 IST" duration-ms="2360" status="PASS">
          <reporter-output>
          </reporter-output>
        </test-method> <!-- Quit -->
      </class> <!-- project2_test.TestCase15 -->
      <class name="project2_test.TestCase1">
        <test-method is-config="true" signature="Launch()[pri:0, instance:project2_test.TestCase1@41a0aa7d]" started-at="2024-09-23T18:04:17 IST" name="Launch" finished-at="2024-09-23T18:04:19 IST" duration-ms="1638" status="PASS">
          <reporter-output>
          </reporter-output>
        </test-method> <!-- Launch -->
        <test-method retried="true" signature="SignUp()[pri:0, instance:project2_test.TestCase1@41a0aa7d]" started-at="2024-09-23T18:04:19 IST" name="SignUp" finished-at="2024-09-23T18:05:01 IST" duration-ms="42531" status="SKIP">
          <exception class="org.openqa.selenium.ElementClickInterceptedException">
            <message>
              <![CDATA[element click intercepted: Element is not clickable at point (82, 625)
  (Session info: chrome=128.0.6613.138)
Build info: version: '4.23.0', revision: '4df0a231af'
System info: os.name: 'Windows 11', os.arch: 'amd64', os.version: '10.0', java.version: '17.0.10'
Driver info: org.openqa.selenium.chrome.ChromeDriver
Command: [40e12fa15db8198e39c31ee383c6b1c5, clickElement {id=f.CB5E50380E1BDF0EAE5D34198D4F71D3.d.892CA038A472DEDB4068F04D4A108761.e.45}]
Capabilities {acceptInsecureCerts: false, browserName: chrome, browserVersion: 128.0.6613.138, chrome: {chromedriverVersion: 128.0.6613.137 (fe621c5aa2d..., userDataDir: C:\Users\DELL\AppData\Local...}, fedcm:accounts: true, goog:chromeOptions: {debuggerAddress: localhost:53718}, networkConnectionEnabled: false, pageLoadStrategy: normal, platformName: windows, proxy: Proxy(), se:cdp: ws://localhost:53718/devtoo..., se:cdpVersion: 128.0.6613.138, setWindowRect: true, strictFileInteractability: false, timeouts: {implicit: 0, pageLoad: 300000, script: 30000}, unhandledPromptBehavior: dismiss and notify, webauthn:extension:credBlob: true, webauthn:extension:largeBlob: true, webauthn:extension:minPinLength: true, webauthn:extension:prf: true, webauthn:virtualAuthenticators: true}
Element: [[ChromeDriver: chrome on windows (40e12fa15db8198e39c31ee383c6b1c5)] -> id: defaultCheck1]
Session ID: 40e12fa15db8198e39c31ee383c6b1c5]]>
            </message>
            <full-stacktrace>
              <![CDATA[org.openqa.selenium.ElementClickInterceptedException: element click intercepted: Element is not clickable at point (82, 625)
  (Session info: chrome=128.0.6613.138)
Build info: version: '4.23.0', revision: '4df0a231af'
System info: os.name: 'Windows 11', os.arch: 'amd64', os.version: '10.0', java.version: '17.0.10'
Driver info: org.openqa.selenium.chrome.ChromeDriver
Command: [40e12fa15db8198e39c31ee383c6b1c5, clickElement {id=f.CB5E50380E1BDF0EAE5D34198D4F71D3.d.892CA038A472DEDB4068F04D4A108761.e.45}]
Capabilities {acceptInsecureCerts: false, browserName: chrome, browserVersion: 128.0.6613.138, chrome: {chromedriverVersion: 128.0.6613.137 (fe621c5aa2d..., userDataDir: C:\Users\DELL\AppData\Local...}, fedcm:accounts: true, goog:chromeOptions: {debuggerAddress: localhost:53718}, networkConnectionEnabled: false, pageLoadStrategy: normal, platformName: windows, proxy: Proxy(), se:cdp: ws://localhost:53718/devtoo..., se:cdpVersion: 128.0.6613.138, setWindowRect: true, strictFileInteractability: false, timeouts: {implicit: 0, pageLoad: 300000, script: 30000}, unhandledPromptBehavior: dismiss and notify, webauthn:extension:credBlob: true, webauthn:extension:largeBlob: true, webauthn:extension:minPinLength: true, webauthn:extension:prf: true, webauthn:virtualAuthenticators: true}
Element: [[ChromeDriver: chrome on windows (40e12fa15db8198e39c31ee383c6b1c5)] -> id: defaultCheck1]
Session ID: 40e12fa15db8198e39c31ee383c6b1c5
at java.base/jdk.internal.reflect.NativeConstructorAccessorImpl.newInstance0(Native Method)
at java.base/jdk.internal.reflect.NativeConstructorAccessorImpl.newInstance(NativeConstructorAccessorImpl.java:77)
at java.base/jdk.internal.reflect.DelegatingConstructorAccessorImpl.newInstance(DelegatingConstructorAccessorImpl.java:45)
at java.base/java.lang.reflect.Constructor.newInstanceWithCaller(Constructor.java:499)
at java.base/java.lang.reflect.Constructor.newInstance(Constructor.java:480)
at org.openqa.selenium.remote.ErrorCodec.decode(ErrorCodec.java:167)
at org.openqa.selenium.remote.codec.w3c.W3CHttpResponseCodec.decode(W3CHttpResponseCodec.java:138)
at org.openqa.selenium.remote.codec.w3c.W3CHttpResponseCodec.decode(W3CHttpResponseCodec.java:50)
at org.openqa.selenium.remote.HttpCommandExecutor.execute(HttpCommandExecutor.java:190)
at org.openqa.selenium.remote.service.DriverCommandExecutor.invokeExecute(DriverCommandExecutor.java:216)
at org.openqa.selenium.remote.service.DriverCommandExecutor.execute(DriverCommandExecutor.java:174)
at org.openqa.selenium.remote.RemoteWebDriver.execute(RemoteWebDriver.java:527)
at org.openqa.selenium.remote.RemoteWebElement.execute(RemoteWebElement.java:223)
at org.openqa.selenium.remote.RemoteWebElement.click(RemoteWebElement.java:76)
at jdk.internal.reflect.GeneratedMethodAccessor1.invoke(Unknown Source)
at java.base/jdk.internal.reflect.DelegatingMethodAccessorImpl.invoke(DelegatingMethodAccessorImpl.java:43)
at java.base/java.lang.reflect.Method.invoke(Method.java:568)
at org.openqa.selenium.support.pagefactory.internal.LocatingElementHandler.invoke(LocatingElementHandler.java:51)
at jdk.proxy2/jdk.proxy2.$Proxy10.click(Unknown Source)
at project2_source.Signup_page_Spicejet.checkbox(Signup_page_Spicejet.java:118)
at project2_test.TestCase1.SignUp(TestCase1.java:45)
at java.base/jdk.internal.reflect.NativeMethodAccessorImpl.invoke0(Native Method)
at java.base/jdk.internal.reflect.NativeMethodAccessorImpl.invoke(NativeMethodAccessorImpl.java:77)
at java.base/jdk.internal.reflect.DelegatingMethodAccessorImpl.invoke(DelegatingMethodAccessorImpl.java:43)
at java.base/java.lang.reflect.Method.invoke(Method.java:568)
at org.testng.internal.invokers.MethodInvocationHelper.invokeMethod(MethodInvocationHelper.java:139)
at org.testng.internal.invokers.TestInvoker.invokeMethod(TestInvoker.java:664)
at org.testng.internal.invokers.TestInvoker.invokeTestMethod(TestInvoker.java:227)
at org.testng.internal.invokers.MethodRunner.runInSequence(MethodRunner.java:50)
at org.testng.internal.invokers.TestInvoker$MethodInvocationAgent.invoke(TestInvoker.java:957)
at org.testng.internal.invokers.TestInvoker.invokeTestMethods(TestInvoker.java:200)
at org.testng.internal.invokers.TestMethodWorker.invokeTestMethods(TestMethodWorker.java:148)
at org.testng.internal.invokers.TestMethodWorker.run(TestMethodWorker.java:128)
at java.base/java.util.ArrayList.forEach(ArrayList.java:1511)
at org.testng.TestRunner.privateRun(TestRunner.java:848)
at org.testng.TestRunner.run(TestRunner.java:621)
at org.testng.SuiteRunner.runTest(SuiteRunner.java:443)
at org.testng.SuiteRunner.runSequentially(SuiteRunner.java:437)
at org.testng.SuiteRunner.privateRun(SuiteRunner.java:397)
at org.testng.SuiteRunner.run(SuiteRunner.java:336)
at org.testng.SuiteRunnerWorker.runSuite(SuiteRunnerWorker.java:52)
at org.testng.SuiteRunnerWorker.run(SuiteRunnerWorker.java:95)
at org.testng.TestNG.runSuitesSequentially(TestNG.java:1280)
at org.testng.TestNG.runSuitesLocally(TestNG.java:1200)
at org.testng.TestNG.runSuites(TestNG.java:1114)
at org.testng.TestNG.run(TestNG.java:1082)
at org.apache.maven.surefire.testng.TestNGExecutor.run(TestNGExecutor.java:308)
at org.apache.maven.surefire.testng.TestNGXmlTestSuite.execute(TestNGXmlTestSuite.java:71)
at org.apache.maven.surefire.testng.TestNGProvider.invoke(TestNGProvider.java:113)
at org.apache.maven.surefire.booter.ForkedBooter.runSuitesInProcess(ForkedBooter.java:385)
at org.apache.maven.surefire.booter.ForkedBooter.execute(ForkedBooter.java:162)
at org.apache.maven.surefire.booter.ForkedBooter.run(ForkedBooter.java:507)
at org.apache.maven.surefire.booter.ForkedBooter.main(ForkedBooter.java:495)
]]>
            </full-stacktrace>
          </exception> <!-- org.openqa.selenium.ElementClickInterceptedException -->
          <reporter-output>
          </reporter-output>
        </test-method> <!-- SignUp -->
        <test-method is-config="true" signature="Quit()[pri:0, instance:project2_test.TestCase1@41a0aa7d]" started-at="2024-09-23T18:05:01 IST" name="Quit" finished-at="2024-09-23T18:05:04 IST" duration-ms="2510" status="PASS">
          <reporter-output>
          </reporter-output>
        </test-method> <!-- Quit -->
        <test-method is-config="true" signature="Launch()[pri:0, instance:project2_test.TestCase1@41a0aa7d]" started-at="2024-09-23T18:05:04 IST" name="Launch" finished-at="2024-09-23T18:05:13 IST" duration-ms="9640" status="PASS">
          <reporter-output>
          </reporter-output>
        </test-method> <!-- Launch -->
        <test-method signature="SignUp()[pri:0, instance:project2_test.TestCase1@41a0aa7d]" started-at="2024-09-23T18:05:13 IST" name="SignUp" finished-at="2024-09-23T18:05:56 IST" duration-ms="42584" status="PASS">
          <reporter-output>
            <line>
              <![CDATA[Test case is pass]]>
            </line>
          </reporter-output>
        </test-method> <!-- SignUp -->
        <test-method is-config="true" signature="Quit()[pri:0, instance:project2_test.TestCase1@41a0aa7d]" started-at="2024-09-23T18:05:56 IST" name="Quit" finished-at="2024-09-23T18:05:58 IST" duration-ms="2383" status="PASS">
          <reporter-output>
          </reporter-output>
        </test-method> <!-- Quit -->
      </class> <!-- project2_test.TestCase1 -->
      <class name="project2_test.TestCase2">
        <test-method is-config="true" signature="Launch()[pri:0, instance:project2_test.TestCase2@45099dd3]" started-at="2024-09-23T18:06:58 IST" name="Launch" finished-at="2024-09-23T18:07:05 IST" duration-ms="7410" status="PASS">
          <reporter-output>
          </reporter-output>
        </test-method> <!-- Launch -->
        <test-method signature="Login()[pri:0, instance:project2_test.TestCase2@45099dd3]" started-at="2024-09-23T18:07:05 IST" name="Login" finished-at="2024-09-23T18:07:11 IST" duration-ms="5642" status="PASS">
          <reporter-output>
            <line>
              <![CDATA[Test case is pass]]>
            </line>
          </reporter-output>
        </test-method> <!-- Login -->
        <test-method is-config="true" signature="Quit()[pri:0, instance:project2_test.TestCase2@45099dd3]" started-at="2024-09-23T18:07:11 IST" name="Quit" finished-at="2024-09-23T18:07:14 IST" duration-ms="2301" status="PASS">
          <reporter-output>
          </reporter-output>
        </test-method> <!-- Quit -->
      </class> <!-- project2_test.TestCase2 -->
      <class name="project2_test.TestCase3">
        <test-method is-config="true" signature="Launch()[pri:0, instance:project2_test.TestCase3@13e344d]" started-at="2024-09-23T18:07:14 IST" name="Launch" finished-at="2024-09-23T18:07:21 IST" duration-ms="6923" status="PASS">
          <reporter-output>
          </reporter-output>
        </test-method> <!-- Launch -->
        <test-method signature="Login_invalid()[pri:0, instance:project2_test.TestCase3@13e344d]" started-at="2024-09-23T18:07:21 IST" name="Login_invalid" finished-at="2024-09-23T18:07:24 IST" duration-ms="3596" status="PASS">
          <reporter-output>
            <line>
              <![CDATA[Test case is pass]]>
            </line>
          </reporter-output>
        </test-method> <!-- Login_invalid -->
        <test-method is-config="true" signature="Quit()[pri:0, instance:project2_test.TestCase3@13e344d]" started-at="2024-09-23T18:07:25 IST" name="Quit" finished-at="2024-09-23T18:07:27 IST" duration-ms="2311" status="PASS">
          <reporter-output>
          </reporter-output>
        </test-method> <!-- Quit -->
      </class> <!-- project2_test.TestCase3 -->
      <class name="project2_test.TestCase8">
        <test-method is-config="true" signature="Launch()[pri:0, instance:project2_test.TestCase8@229c6181]" started-at="2024-09-23T18:00:17 IST" name="Launch" finished-at="2024-09-23T18:00:25 IST" duration-ms="7975" status="PASS">
          <reporter-output>
          </reporter-output>
        </test-method> <!-- Launch -->
        <test-method signature="additional_Details()[pri:0, instance:project2_test.TestCase8@229c6181]" started-at="2024-09-23T18:00:25 IST" name="additional_Details" finished-at="2024-09-23T18:00:54 IST" duration-ms="28221" status="PASS">
          <reporter-output>
            <line>
              <![CDATA[Test case is pass]]>
            </line>
          </reporter-output>
        </test-method> <!-- additional_Details -->
        <test-method is-config="true" signature="Quit()[pri:0, instance:project2_test.TestCase8@229c6181]" started-at="2024-09-23T18:00:54 IST" name="Quit" finished-at="2024-09-23T18:00:56 IST" duration-ms="2278" status="PASS">
          <reporter-output>
          </reporter-output>
        </test-method> <!-- Quit -->
      </class> <!-- project2_test.TestCase8 -->
      <class name="project2_test.TestCase9">
        <test-method is-config="true" signature="Launch()[pri:0, instance:project2_test.TestCase9@4686afc2]" started-at="2024-09-23T18:00:56 IST" name="Launch" finished-at="2024-09-23T18:00:58 IST" duration-ms="1811" status="PASS">
          <reporter-output>
          </reporter-output>
        </test-method> <!-- Launch -->
        <test-method signature="Multiple_Passenger()[pri:0, instance:project2_test.TestCase9@4686afc2]" started-at="2024-09-23T18:00:58 IST" name="Multiple_Passenger" finished-at="2024-09-23T18:01:09 IST" duration-ms="10752" status="PASS">
          <reporter-output>
            <line>
              <![CDATA[Test case is pass]]>
            </line>
          </reporter-output>
        </test-method> <!-- Multiple_Passenger -->
        <test-method is-config="true" signature="Quit()[pri:0, instance:project2_test.TestCase9@4686afc2]" started-at="2024-09-23T18:01:09 IST" name="Quit" finished-at="2024-09-23T18:01:11 IST" duration-ms="2243" status="PASS">
          <reporter-output>
          </reporter-output>
        </test-method> <!-- Quit -->
      </class> <!-- project2_test.TestCase9 -->
    </test> <!-- Test -->
  </suite> <!-- Suite -->
</testng-results>
