<?xml version="1.0" encoding="UTF-8"?>
<testng-results ignored="0" total="1" passed="1" failed="0" skipped="0">
  <reporter-output>
    <line>
      <![CDATA[Test case is pass]]>
    </line>
  </reporter-output>
  <suite started-at="2024-09-23T17:46:32 IST" name="Default suite" finished-at="2024-09-23T17:47:01 IST" duration-ms="29745">
    <groups>
    </groups>
    <test started-at="2024-09-23T17:46:32 IST" name="Default test" finished-at="2024-09-23T17:47:01 IST" duration-ms="29745">
      <class name="project2_test.TestCase10">
        <test-method is-config="true" signature="Launch()[pri:0, instance:project2_test.TestCase10@543588e6]" started-at="2024-09-23T17:46:32 IST" name="Launch" finished-at="2024-09-23T17:46:40 IST" duration-ms="8033" status="PASS">
          <reporter-output>
          </reporter-output>
        </test-method> <!-- Launch -->
        <test-method signature="Flight_Details()[pri:0, instance:project2_test.TestCase10@543588e6]" started-at="2024-09-23T17:46:40 IST" name="Flight_Details" finished-at="2024-09-23T17:46:59 IST" duration-ms="19122" status="PASS">
          <reporter-output>
            <line>
              <![CDATA[Test case is pass]]>
            </line>
          </reporter-output>
        </test-method> <!-- Flight_Details -->
        <test-method is-config="true" signature="Quit()[pri:0, instance:project2_test.TestCase10@543588e6]" started-at="2024-09-23T17:46:59 IST" name="Quit" finished-at="2024-09-23T17:47:01 IST" duration-ms="2354" status="PASS">
          <reporter-output>
          </reporter-output>
        </test-method> <!-- Quit -->
      </class> <!-- project2_test.TestCase10 -->
    </test> <!-- Default test -->
  </suite> <!-- Default suite -->
</testng-results>
